<?xml version="1.0" encoding="UTF-8"?>
<testng-results skipped="0" failed="0" ignored="0" total="1" passed="1">
  <reporter-output>
  </reporter-output>
  <suite name="Default suite" duration-ms="11787" started-at="2020-06-22T21:34:14Z" finished-at="2020-06-22T21:34:26Z">
    <groups>
    </groups>
    <test name="Default test" duration-ms="11787" started-at="2020-06-22T21:34:14Z" finished-at="2020-06-22T21:34:26Z">
      <class name="excelPractise.RegisterMercuryTours">
        <test-method status="PASS" signature="openBrowser()[pri:0, instance:excelPractise.RegisterMercuryTours@343f4d3d]" name="openBrowser" is-config="true" duration-ms="4285" started-at="2020-06-22T21:34:10Z" finished-at="2020-06-22T21:34:14Z">
          <reporter-output>
          </reporter-output>
        </test-method> <!-- openBrowser -->
        <test-method status="PASS" signature="enterURL()[pri:0, instance:excelPractise.RegisterMercuryTours@343f4d3d]" name="enterURL" is-config="true" duration-ms="2284" started-at="2020-06-22T21:34:14Z" finished-at="2020-06-22T21:34:16Z">
          <reporter-output>
          </reporter-output>
        </test-method> <!-- enterURL -->
        <test-method status="PASS" signature="maximizeWindow()[pri:0, instance:excelPractise.RegisterMercuryTours@343f4d3d]" name="maximizeWindow" is-config="true" duration-ms="1148" started-at="2020-06-22T21:34:16Z" finished-at="2020-06-22T21:34:17Z">
          <reporter-output>
          </reporter-output>
        </test-method> <!-- maximizeWindow -->
        <test-method status="PASS" signature="getCookies()[pri:0, instance:excelPractise.RegisterMercuryTours@343f4d3d]" name="getCookies" is-config="true" duration-ms="131" started-at="2020-06-22T21:34:17Z" finished-at="2020-06-22T21:34:17Z">
          <reporter-output>
          </reporter-output>
        </test-method> <!-- getCookies -->
        <test-method status="PASS" signature="register()[pri:0, instance:excelPractise.RegisterMercuryTours@343f4d3d]" name="register" duration-ms="8172" started-at="2020-06-22T21:34:17Z" finished-at="2020-06-22T21:34:26Z">
          <reporter-output>
          </reporter-output>
        </test-method> <!-- register -->
      </class> <!-- excelPractise.RegisterMercuryTours -->
    </test> <!-- Default test -->
  </suite> <!-- Default suite -->
</testng-results>
